TN:
SF:/Users/scott/repo/sokoide/llvm6/build/generated/grammar.tab.cpp
FNL:0,1677,1698
FNA:0,72,_ZL10yydestructPKciP7YYSTYPE
FNL:1,1748,1998
FNA:1,72,yyparse
FNF:2
FNH:2
DA:1677,72
DA:1688,72
DA:1689,0
DA:1692,72
DA:1696,72
DA:1698,72
DA:1748,72
DA:1757,72
DA:1758,72
DA:1759,72
DA:1761,72
DA:1763,72
DA:1780,72
DA:1781,72
DA:1782,72
DA:1785,72
DA:1786,72
DA:1787,72
DA:1793,72
DA:1797,72
DA:1802,72
DA:1806,72
DA:1807,72
DA:1808,72
DA:1809,72
DA:1816,72
DA:1817,72
DA:1819,72
DA:1827,17616
DA:1830,17688
DA:1832,17688
DA:1835,0
DA:1864,0
DA:1865,0
DA:1866,0
DA:1867,0
DA:1868,0
DA:1871,0
DA:1872,0
DA:1873,0
DA:1874,0
DA:1875,0
DA:1876,0
DA:1877,0
DA:1880,0
DA:1881,0
DA:1882,0
DA:1886,0
DA:1887,0
DA:1893,0
DA:1894,0
DA:1895,0
DA:1899,17688
DA:1910,17688
DA:1911,17688
DA:1912,6804
DA:1917,10884
DA:1920,3640
DA:1921,3640
DA:1923,10884
DA:1925,72
DA:1927,72
DA:1930,10812
DA:1936,10884
DA:1937,10884
DA:1938,7244
DA:1939,3640
DA:1940,3640
DA:1942,0
DA:1943,0
DA:1944,0
DA:1945,0
DA:1948,3640
DA:1949,72
DA:1953,3568
DA:1954,0
DA:1960,3568
DA:1961,3568
DA:1963,3568
DA:1964,3568
DA:1966,3568
DA:1973,14048
DA:1974,14048
DA:1975,0
DA:1976,14048
DA:1984,14048
DA:1994,14048
DA:1998,14048
LF:88
LH:60
end_of_record
TN:
SF:/Users/scott/repo/sokoide/llvm6/src/ast.cpp
FNL:0,100,108
FNA:0,5,create_for_stmt_node
FNL:1,110,114
FNA:1,142,create_return_stmt_node
FNL:2,116,123
FNA:2,248,create_variable_decl_node
FNL:3,125,133
FNA:3,135,create_function_def_node
FNL:4,136,143
FNA:4,2103,create_type_info
FNL:5,145,168
FNA:5,1926,duplicate_type_info
FNL:6,170,186
FNA:6,509,create_pointer_type
FNL:7,18,24
FNA:7,1552,_ZL11safe_strdupPKc
FNL:8,188,193
FNA:8,1,create_array_type
FNL:9,195,200
FNA:9,0,create_function_type
FNL:10,203,272
FNA:10,1949,free_ast_node
FNL:11,27,32
FNA:11,2483,create_ast_node
FNL:12,274,292
FNA:12,2946,free_type_info
FNL:13,295,304
FNA:13,254,create_symbol
FNL:14,306,313
FNA:14,216,free_symbol
FNL:15,316,347
FNA:15,2,_ZL19node_type_to_string11ASTNodeType
FNL:16,34,40
FNA:16,910,create_identifier_node
FNL:17,349,374
FNA:17,0,_ZL19data_type_to_string8DataType
FNL:18,376,426
FNA:18,2,print_ast
FNL:19,42,47
FNA:19,324,create_constant_node
FNL:20,428,442
FNA:20,0,print_type_info
FNL:21,49,54
FNA:21,1,create_string_literal_node
FNL:22,56,62
FNA:22,337,create_binary_op_node
FNL:23,64,69
FNA:23,6,create_unary_op_node
FNL:24,71,76
FNA:24,54,create_function_call_node
FNL:25,78,82
FNA:25,176,create_compound_stmt_node
FNL:26,8,15
FNA:26,8318,_ZL11safe_mallocm
FNL:27,84,91
FNA:27,25,create_if_stmt_node
FNL:28,93,98
FNA:28,7,create_while_stmt_node
FNF:29
FNH:26
DA:8,8318
DA:9,8318
DA:10,8318
DA:11,0
DA:12,0
DA:14,16636
DA:15,8318
DA:18,1552
DA:19,1552
DA:20,0
DA:21,1552
DA:22,1552
DA:23,1552
DA:24,1552
DA:27,2483
DA:28,2483
DA:29,2483
DA:30,2483
DA:31,4966
DA:32,2483
DA:34,910
DA:35,910
DA:36,910
DA:37,910
DA:38,910
DA:39,1820
DA:40,910
DA:42,324
DA:43,324
DA:44,324
DA:45,324
DA:46,648
DA:47,324
DA:49,1
DA:50,1
DA:51,1
DA:52,1
DA:53,2
DA:54,1
DA:56,337
DA:57,337
DA:58,337
DA:59,337
DA:60,337
DA:61,674
DA:62,337
DA:64,6
DA:65,6
DA:66,6
DA:67,6
DA:68,12
DA:69,6
DA:71,54
DA:72,54
DA:73,54
DA:74,54
DA:75,108
DA:76,54
DA:78,176
DA:79,176
DA:80,176
DA:81,352
DA:82,176
DA:84,25
DA:86,25
DA:87,25
DA:88,25
DA:89,25
DA:90,50
DA:91,25
DA:93,7
DA:94,7
DA:95,7
DA:96,7
DA:97,14
DA:98,7
DA:100,5
DA:102,5
DA:103,5
DA:104,5
DA:105,5
DA:106,5
DA:107,10
DA:108,5
DA:110,142
DA:111,142
DA:112,142
DA:113,284
DA:114,142
DA:116,248
DA:118,248
DA:119,248
DA:120,248
DA:121,248
DA:122,496
DA:123,248
DA:125,135
DA:127,135
DA:128,135
DA:129,135
DA:130,135
DA:131,135
DA:132,270
DA:133,135
DA:136,2103
DA:137,2103
DA:138,2103
DA:139,2103
DA:140,2103
DA:141,2103
DA:142,4206
DA:143,2103
DA:145,1926
DA:146,1926
DA:147,0
DA:149,1926
DA:150,1926
DA:153,1926
DA:154,12
DA:155,12
DA:156,1926
DA:158,0
DA:159,0
DA:160,1926
DA:161,4
DA:162,4
DA:163,1926
DA:164,0
DA:165,0
DA:167,1926
DA:168,1926
DA:170,509
DA:171,509
DA:173,509
DA:174,509
DA:175,509
DA:176,3
DA:177,3
DA:178,506
DA:180,509
DA:181,0
DA:182,0
DA:185,1018
DA:186,509
DA:188,1
DA:189,1
DA:190,1
DA:191,1
DA:192,2
DA:193,1
DA:195,0
DA:196,0
DA:197,0
DA:198,0
DA:199,0
DA:200,0
DA:203,1949
DA:204,1949
DA:205,230
DA:207,1719
DA:209,343
DA:210,343
DA:212,1
DA:213,1
DA:215,216
DA:216,216
DA:217,216
DA:219,6
DA:220,6
DA:222,40
DA:223,40
DA:224,40
DA:226,178
DA:227,178
DA:229,26
DA:230,26
DA:231,26
DA:232,26
DA:234,8
DA:235,8
DA:236,8
DA:238,6
DA:239,6
DA:240,6
DA:241,6
DA:242,6
DA:244,143
DA:245,143
DA:247,249
DA:248,249
DA:249,249
DA:250,249
DA:252,135
DA:253,135
DA:254,135
DA:255,135
DA:256,135
DA:259,368
DA:262,1719
DA:263,0
DA:264,0
DA:267,1719
DA:268,377
DA:269,377
DA:271,1719
DA:272,1949
DA:274,2946
DA:275,2946
DA:276,1
DA:278,2945
DA:279,517
DA:280,517
DA:281,2945
DA:282,0
DA:283,0
DA:284,2945
DA:285,5
DA:286,5
DA:287,2945
DA:288,0
DA:289,0
DA:291,2945
DA:292,2946
DA:295,254
DA:296,254
DA:297,254
DA:298,254
DA:299,254
DA:300,254
DA:301,254
DA:302,254
DA:303,508
DA:304,254
DA:306,216
DA:307,216
DA:308,0
DA:310,216
DA:311,216
DA:312,216
DA:313,216
DA:316,2
DA:317,2
DA:319,0
DA:321,0
DA:323,0
DA:325,0
DA:327,0
DA:329,0
DA:331,0
DA:333,0
DA:335,0
DA:337,0
DA:339,0
DA:341,2
DA:343,0
DA:345,0
DA:347,2
DA:349,0
DA:350,0
DA:352,0
DA:354,0
DA:356,0
DA:358,0
DA:360,0
DA:362,0
DA:364,0
DA:366,0
DA:368,0
DA:370,0
DA:372,0
DA:374,0
DA:376,2
DA:377,2
DA:378,0
DA:380,2
DA:381,0
DA:382,0
DA:384,2
DA:386,2
DA:388,0
DA:389,0
DA:391,0
DA:392,0
DA:394,0
DA:395,0
DA:397,0
DA:398,0
DA:399,0
DA:400,0
DA:402,0
DA:403,0
DA:404,0
DA:406,0
DA:407,0
DA:408,0
DA:409,0
DA:411,0
DA:412,0
DA:414,2
DA:415,2
DA:417,0
DA:420,2
DA:423,2
DA:424,0
DA:425,0
DA:426,2
DA:428,0
DA:429,0
DA:430,0
DA:431,0
DA:434,0
DA:436,0
DA:437,0
DA:438,0
DA:439,0
DA:440,0
DA:441,0
DA:442,0
LF:318
LH:231
end_of_record
TN:
SF:/Users/scott/repo/sokoide/llvm6/src/codegen.cpp
FNL:0,1035,1046
FNA:0,348,generate_constant
FNL:1,1048,1065
FNA:1,0,generate_string_literal
FNL:2,1068,1098
FNA:2,593,generate_statement
FNL:3,1100,1106
FNA:3,174,generate_compound_statement
FNL:4,1108,1130
FNA:4,143,generate_return_statement
FNL:5,111,150
FNA:5,763,_Z20load_value_if_neededP14CodeGenContextP9LLVMValue
FNL:6,1132,1148
FNA:6,72,generate_expression_statement
FNL:7,1151,1214
FNA:7,135,generate_function_definition
FNL:8,1216,1219
FNA:8,15,add_global_symbol
FNL:9,1221,1238
FNA:9,238,add_local_symbol
FNL:10,1240,1260
FNA:10,1173,lookup_symbol
FNL:11,1262,1276
FNA:11,0,clear_local_symbols
FNL:12,1279,1288
FNA:12,1516,emit_instruction
FNL:13,1290,1298
FNA:13,315,emit_global_declaration
FNL:14,1300,1308
FNA:14,135,emit_function_header
FNL:15,1310,1312
FNA:15,75,emit_comment
FNL:16,1315,1322
FNA:16,75,generate_runtime_declarations
FNL:17,1325,1338
FNA:17,0,codegen_error
FNL:18,1340,1350
FNA:18,0,codegen_warning
FNL:19,1353,1402
FNA:19,176,generate_declaration
FNL:20,1405,1412
FNA:20,1530,create_llvm_value
FNL:21,1414,1420
FNA:21,1375,free_llvm_value
FNL:22,1422,1426
FNA:22,684,get_next_register
FNL:23,1428,1432
FNA:23,75,get_next_basic_block
FNL:24,1435,1489
FNA:24,1641,llvm_type_to_string
FNL:25,1491,1505
FNA:25,15,get_default_value
FNL:26,1507,1517
FNA:26,0,_ZL15is_integer_type8DataType
FNL:27,1519,1548
FNA:27,0,get_type_size
FNL:28,152,186
FNA:28,2,_ZL20ensure_pointer_valueP14CodeGenContextP9LLVMValue
FNL:29,1550,1558
FNA:29,0,_ZL20compare_struct_namesPK8TypeInfoS1_
FNL:30,1560,1586
FNA:30,0,types_compatible
FNL:31,1588,1630
FNA:31,25,generate_if_statement
FNL:32,1632,1636
FNA:32,7,generate_while_statement
FNL:33,1638,1650
FNA:33,5,generate_for_statement
FNL:34,1653,1705
FNA:34,66,generate_function_call
FNL:35,1707,1718
FNA:35,0,generate_array_access
FNL:36,1720,1806
FNA:36,2,generate_member_access
FNL:37,18,24
FNA:37,3224,_ZL11safe_strdupPKc
FNL:38,188,207
FNA:38,1,_ZL23ensure_integer_registerP14CodeGenContextP9LLVMValue
FNL:39,209,240
FNA:39,1302,generate_expression
FNL:40,245,249
FNA:40,381,_ZL22is_assignment_operator8BinaryOp
FNL:41,253,255
FNA:41,317,_ZL22is_comparison_operator8BinaryOp
FNL:42,259,296
FNA:42,317,_ZL25get_binary_op_instruction8BinaryOp
FNL:43,27,38
FNA:43,83,create_codegen_context
FNL:44,299,305
FNA:44,845,_ZL14format_operandP9LLVMValuePcm
FNL:45,308,336
FNA:45,47,_ZL22generate_comparison_opP14CodeGenContextPKcP9LLVMValueS4_
FNL:46,339,360
FNA:46,270,_ZL22generate_arithmetic_opP14CodeGenContextPKcP9LLVMValueS4_
FNL:47,362,418
FNA:47,435,generate_binary_op
FNL:48,40,70
FNA:48,83,free_codegen_context
FNL:49,420,552
FNA:49,63,generate_assignment_op
FNL:50,555,602
FNA:50,4,_ZL28generate_arithmetic_unary_opP14CodeGenContextP9LLVMValueS2_7UnaryOp
FNL:51,604,649
FNA:51,2,_ZL31generate_increment_decrement_opP14CodeGenContextP9LLVMValueS2_7UnaryOp
FNL:52,651,719
FNA:52,2,_ZL25generate_address_deref_opP14CodeGenContextP9LLVMValueS2_7UnaryOp
FNL:53,721,909
FNA:53,1,generate_pointer_arithmetic_op
FNL:54,77,84
FNA:54,75,generate_llvm_ir
FNL:55,86,89
FNA:55,75,_Z22generate_module_headerP14CodeGenContext
FNL:56,9,16
FNA:56,5693,_ZL11safe_mallocm
FNL:57,91,107
FNA:57,75,_Z17process_ast_nodesP14CodeGenContextP7ASTNode
FNL:58,911,992
FNA:58,8,generate_unary_op
FNL:59,994,1033
FNA:59,492,generate_identifier
FNF:60
FNH:51
DA:9,5693
DA:10,5693
DA:11,5693
DA:12,0
DA:13,0
DA:15,11386
DA:16,5693
DA:18,3224
DA:19,3224
DA:20,348
DA:21,2876
DA:22,2876
DA:23,2876
DA:24,3224
DA:27,83
DA:28,166
DA:29,83
DA:30,83
DA:32,83
DA:33,83
DA:34,83
DA:35,83
DA:37,166
DA:38,83
DA:40,83
DA:41,83
DA:42,0
DA:45,98
DA:46,15
DA:47,15
DA:48,15
DA:49,15
DA:51,283
DA:52,200
DA:53,200
DA:54,200
DA:55,200
DA:58,83
DA:59,0
DA:60,0
DA:61,0
DA:62,0
DA:63,0
DA:65,83
DA:66,0
DA:67,0
DA:69,83
DA:70,83
DA:77,75
DA:78,75
DA:79,0
DA:81,75
DA:82,75
DA:83,75
DA:84,75
DA:86,75
DA:87,75
DA:88,75
DA:89,75
DA:91,75
DA:92,75
DA:93,225
DA:94,150
DA:96,135
DA:97,135
DA:99,15
DA:100,15
DA:103,0
DA:105,150
DA:107,75
DA:111,763
DA:112,763
DA:113,0
DA:115,763
DA:116,615
DA:117,148
DA:119,615
DA:120,0
DA:122,615
DA:123,615
DA:124,386
DA:126,229
DA:127,229
DA:128,458
DA:129,229
DA:131,229
DA:132,458
DA:133,229
DA:134,229
DA:136,229
DA:137,10
DA:138,5
DA:139,5
DA:140,448
DA:141,224
DA:144,229
DA:145,229
DA:146,229
DA:147,229
DA:148,229
DA:149,229
DA:150,763
DA:152,2
DA:153,2
DA:154,0
DA:156,2
DA:157,0
DA:159,2
DA:160,2
DA:161,0
DA:163,2
DA:164,2
DA:165,4
DA:166,2
DA:167,2
DA:169,2
DA:170,0
DA:171,0
DA:172,0
DA:173,4
DA:174,2
DA:177,2
DA:178,2
DA:179,2
DA:181,4
DA:182,4
DA:183,2
DA:184,2
DA:185,2
DA:186,2
DA:188,1
DA:190,1
DA:191,0
DA:193,1
DA:194,0
DA:196,1
DA:197,1
DA:198,2
DA:199,1
DA:200,1
DA:201,1
DA:202,1
DA:203,1
DA:204,1
DA:206,0
DA:207,1
DA:209,1302
DA:210,1302
DA:211,0
DA:213,1302
DA:215,492
DA:217,348
DA:219,0
DA:221,380
DA:223,6
DA:225,66
DA:227,0
DA:229,0
DA:232,10
DA:233,8
DA:235,2
DA:237,0
DA:238,0
DA:240,1302
DA:245,381
DA:246,699
DA:247,318
DA:248,318
DA:249,318
DA:253,317
DA:254,599
DA:255,282
DA:259,317
DA:260,317
DA:262,176
DA:264,28
DA:266,38
DA:268,18
DA:270,10
DA:272,11
DA:274,16
DA:276,6
DA:278,2
DA:280,10
DA:282,2
DA:284,0
DA:286,0
DA:288,0
DA:290,0
DA:292,0
DA:294,0
DA:296,317
DA:299,845
DA:300,845
DA:301,224
DA:302,224
DA:303,621
DA:305,845
DA:308,47
DA:311,47
DA:312,47
DA:314,47
DA:315,47
DA:318,47
DA:319,47
DA:321,94
DA:322,47
DA:325,94
DA:326,47
DA:329,47
DA:332,47
DA:333,47
DA:335,94
DA:336,47
DA:339,270
DA:342,270
DA:343,270
DA:345,270
DA:346,270
DA:348,270
DA:349,540
DA:350,270
DA:353,540
DA:354,270
DA:357,270
DA:359,540
DA:360,270
DA:362,435
DA:364,435
DA:365,435
DA:367,435
DA:368,108
DA:371,435
DA:374,435
DA:375,63
DA:376,63
DA:377,63
DA:381,576
DA:382,407
DA:383,204
DA:384,407
DA:388,317
DA:389,317
DA:391,317
DA:392,0
DA:396,317
DA:397,317
DA:398,0
DA:399,0
DA:400,0
DA:401,0
DA:404,317
DA:407,317
DA:408,47
DA:409,47
DA:410,270
DA:414,317
DA:415,317
DA:417,317
DA:418,381
DA:420,63
DA:421,63
DA:422,63
DA:423,63
DA:425,63
DA:426,0
DA:427,0
DA:430,63
DA:431,63
DA:432,0
DA:433,0
DA:434,0
DA:437,63
DA:438,63
DA:439,0
DA:441,63
DA:442,63
DA:443,0
DA:445,63
DA:446,63
DA:448,63
DA:449,126
DA:450,63
DA:451,63
DA:453,63
DA:454,61
DA:455,2
DA:456,1
DA:457,1
DA:458,120
DA:459,60
DA:462,61
DA:463,61
DA:464,61
DA:465,61
DA:467,122
DA:468,61
DA:469,122
DA:470,122
DA:472,61
DA:473,61
DA:474,61
DA:476,2
DA:477,2
DA:479,2
DA:480,2
DA:482,0
DA:483,0
DA:485,0
DA:486,0
DA:488,0
DA:489,0
DA:491,0
DA:492,0
DA:494,0
DA:495,0
DA:497,0
DA:498,0
DA:500,0
DA:501,0
DA:503,0
DA:504,0
DA:506,0
DA:507,0
DA:509,0
DA:510,0
DA:511,0
DA:512,0
DA:513,0
DA:514,0
DA:517,2
DA:518,2
DA:519,0
DA:520,0
DA:521,0
DA:522,4
DA:523,2
DA:526,2
DA:527,4
DA:528,2
DA:530,2
DA:531,2
DA:533,2
DA:534,0
DA:535,0
DA:536,0
DA:537,4
DA:538,2
DA:541,4
DA:542,2
DA:544,2
DA:545,2
DA:546,2
DA:547,2
DA:548,2
DA:549,2
DA:551,2
DA:552,63
DA:555,4
DA:558,4
DA:560,4
DA:563,0
DA:564,0
DA:565,0
DA:566,0
DA:567,0
DA:568,0
DA:570,0
DA:572,4
DA:573,8
DA:574,4
DA:575,4
DA:576,0
DA:577,0
DA:579,4
DA:581,0
DA:582,0
DA:583,0
DA:584,0
DA:585,0
DA:586,0
DA:588,0
DA:590,0
DA:591,0
DA:592,0
DA:593,0
DA:594,0
DA:595,0
DA:597,0
DA:599,0
DA:601,4
DA:602,4
DA:604,2
DA:608,2
DA:609,0
DA:610,0
DA:613,2
DA:614,2
DA:615,4
DA:616,2
DA:618,2
DA:622,0
DA:623,0
DA:624,0
DA:625,0
DA:626,0
DA:627,0
DA:628,0
DA:629,0
DA:633,4
DA:634,2
DA:635,4
DA:636,2
DA:637,4
DA:638,2
DA:639,2
DA:641,0
DA:642,0
DA:643,0
DA:646,2
DA:647,2
DA:648,2
DA:649,2
DA:651,2
DA:654,2
DA:656,1
DA:657,1
DA:658,0
DA:659,0
DA:662,1
DA:663,2
DA:664,1
DA:665,2
DA:666,2
DA:668,1
DA:669,1
DA:670,1
DA:672,1
DA:673,1
DA:674,1
DA:676,1
DA:677,1
DA:678,0
DA:679,0
DA:680,0
DA:681,0
DA:682,0
DA:685,2
DA:686,1
DA:688,2
DA:689,1
DA:690,1
DA:692,1
DA:693,1
DA:695,1
DA:696,1
DA:698,2
DA:699,1
DA:701,1
DA:702,1
DA:703,1
DA:704,1
DA:705,1
DA:706,1
DA:707,1
DA:709,0
DA:710,0
DA:711,0
DA:712,0
DA:713,0
DA:714,0
DA:715,0
DA:717,0
DA:719,2
DA:721,1
DA:723,2
DA:724,1
DA:725,2
DA:726,1
DA:728,1
DA:729,1
DA:730,1
DA:731,1
DA:732,1
DA:733,1
DA:734,1
DA:736,1
DA:737,1
DA:738,1
DA:739,1
DA:740,0
DA:741,0
DA:742,1
DA:744,1
DA:745,1
DA:746,0
DA:747,0
DA:748,0
DA:749,0
DA:752,1
DA:753,1
DA:755,1
DA:756,1
DA:758,1
DA:759,2
DA:760,2
DA:761,1
DA:763,2
DA:764,1
DA:765,1
DA:767,2
DA:768,1
DA:769,1
DA:771,1
DA:772,1
DA:773,1
DA:774,1
DA:775,1
DA:776,1
DA:777,1
DA:779,0
DA:780,0
DA:781,0
DA:782,0
DA:783,0
DA:784,0
DA:786,0
DA:787,0
DA:788,0
DA:789,0
DA:790,0
DA:791,0
DA:793,0
DA:794,0
DA:795,0
DA:796,0
DA:797,0
DA:798,0
DA:801,0
DA:802,0
DA:803,0
DA:804,0
DA:805,0
DA:806,0
DA:807,0
DA:808,0
DA:810,0
DA:811,0
DA:813,0
DA:814,0
DA:816,0
DA:817,0
DA:818,0
DA:819,0
DA:821,0
DA:822,0
DA:823,0
DA:825,0
DA:826,0
DA:827,0
DA:829,0
DA:830,0
DA:831,0
DA:832,0
DA:833,0
DA:834,0
DA:835,0
DA:837,0
DA:838,0
DA:839,0
DA:840,0
DA:841,0
DA:842,0
DA:844,0
DA:845,0
DA:846,0
DA:847,0
DA:848,0
DA:850,0
DA:851,0
DA:852,0
DA:853,0
DA:854,0
DA:855,0
DA:856,0
DA:857,0
DA:860,0
DA:861,0
DA:863,0
DA:864,0
DA:866,0
DA:868,0
DA:869,0
DA:870,0
DA:871,0
DA:872,0
DA:873,0
DA:875,0
DA:876,0
DA:877,0
DA:879,0
DA:880,0
DA:881,0
DA:883,0
DA:884,0
DA:885,0
DA:887,0
DA:888,0
DA:889,0
DA:891,0
DA:892,0
DA:894,0
DA:895,0
DA:896,0
DA:897,0
DA:898,0
DA:899,0
DA:900,0
DA:901,0
DA:902,0
DA:903,0
DA:905,0
DA:906,0
DA:907,0
DA:908,0
DA:909,1
DA:911,8
DA:912,8
DA:913,8
DA:914,0
DA:916,8
DA:917,16
DA:918,8
DA:919,8
DA:922,8
DA:928,4
DA:929,4
DA:930,0
DA:931,0
DA:932,0
DA:934,4
DA:941,3
DA:945,1
DA:947,0
DA:951,8
DA:953,8
DA:958,4
DA:959,4
DA:960,4
DA:965,2
DA:966,2
DA:967,2
DA:971,2
DA:972,2
DA:974,0
DA:975,0
DA:976,0
DA:977,0
DA:978,0
DA:982,8
DA:983,0
DA:984,0
DA:985,0
DA:986,0
DA:989,8
DA:990,8
DA:991,8
DA:992,8
DA:994,492
DA:995,492
DA:996,492
DA:997,0
DA:998,0
DA:999,0
DA:1003,492
DA:1004,476
DA:1005,238
DA:1006,238
DA:1007,238
DA:1008,238
DA:1009,238
DA:1013,254
DA:1014,488
DA:1015,488
DA:1016,244
DA:1017,244
DA:1018,244
DA:1021,10
DA:1022,10
DA:1023,10
DA:1024,5
DA:1025,5
DA:1026,5
DA:1029,10
DA:1030,10
DA:1031,5
DA:1032,5
DA:1033,492
DA:1035,348
DA:1036,696
DA:1037,348
DA:1038,348
DA:1041,696
DA:1042,348
DA:1043,348
DA:1045,696
DA:1046,348
DA:1048,0
DA:1050,0
DA:1051,0
DA:1053,0
DA:1056,0
DA:1057,0
DA:1059,0
DA:1060,0
DA:1061,0
DA:1062,0
DA:1064,0
DA:1065,0
DA:1068,593
DA:1069,593
DA:1070,0
DA:1072,593
DA:1074,174
DA:1075,174
DA:1077,72
DA:1078,72
DA:1080,161
DA:1081,161
DA:1083,25
DA:1084,25
DA:1086,7
DA:1087,7
DA:1089,5
DA:1090,5
DA:1092,141
DA:1093,141
DA:1096,8
DA:1098,593
DA:1100,174
DA:1101,174
DA:1102,590
DA:1103,416
DA:1104,416
DA:1106,174
DA:1108,143
DA:1109,143
DA:1110,276
DA:1111,138
DA:1112,138
DA:1113,138
DA:1115,98
DA:1116,49
DA:1117,49
DA:1119,89
DA:1126,138
DA:1127,138
DA:1128,5
DA:1130,143
DA:1132,72
DA:1134,72
DA:1135,0
DA:1138,72
DA:1140,132
DA:1141,66
DA:1142,66
DA:1143,66
DA:1144,66
DA:1145,66
DA:1148,72
DA:1151,135
DA:1152,135
DA:1153,135
DA:1160,270
DA:1161,135
DA:1164,135
DA:1166,40
DA:1167,40
DA:1170,40
DA:1171,112
DA:1172,72
DA:1174,72
DA:1175,32
DA:1176,32
DA:1177,72
DA:1178,72
DA:1181,144
DA:1182,72
DA:1183,144
DA:1184,144
DA:1185,72
DA:1186,72
DA:1187,72
DA:1188,72
DA:1190,72
DA:1191,72
DA:1192,72
DA:1195,80
DA:1196,40
DA:1197,40
DA:1199,190
DA:1200,95
DA:1204,135
DA:1206,135
DA:1207,135
DA:1209,135
DA:1210,135
DA:1211,135
DA:1212,135
DA:1213,135
DA:1214,135
DA:1216,15
DA:1217,15
DA:1218,15
DA:1219,15
DA:1221,238
DA:1222,238
DA:1223,0
DA:1226,238
DA:1227,1514
DA:1228,1314
DA:1229,1314
DA:1231,38
DA:1233,1276
DA:1236,200
DA:1237,200
DA:1238,238
DA:1240,1173
DA:1242,1173
DA:1243,5284
DA:1244,5115
DA:1245,1004
DA:1247,4111
DA:1251,169
DA:1252,235
DA:1253,77
DA:1254,11
DA:1256,66
DA:1259,158
DA:1260,1173
DA:1262,0
DA:1263,0
DA:1264,0
DA:1266,0
DA:1267,0
DA:1268,0
DA:1270,0
DA:1271,0
DA:1272,0
DA:1273,0
DA:1274,0
DA:1275,0
DA:1276,0
DA:1279,1516
DA:1280,1516
DA:1281,1516
DA:1283,1516
DA:1284,1516
DA:1285,1516
DA:1287,1516
DA:1288,1516
DA:1290,315
DA:1291,315
DA:1292,315
DA:1294,315
DA:1295,315
DA:1297,315
DA:1298,315
DA:1300,135
DA:1301,135
DA:1302,135
DA:1304,135
DA:1305,135
DA:1307,135
DA:1308,135
DA:1310,75
DA:1311,75
DA:1312,75
DA:1315,75
DA:1316,75
DA:1317,75
DA:1318,75
DA:1319,75
DA:1320,75
DA:1321,75
DA:1322,75
DA:1325,0
DA:1327,0
DA:1328,0
DA:1330,0
DA:1331,0
DA:1332,0
DA:1334,0
DA:1338,0
DA:1340,0
DA:1342,0
DA:1343,0
DA:1345,0
DA:1346,0
DA:1347,0
DA:1349,0
DA:1350,0
DA:1353,176
DA:1354,176
DA:1355,0
DA:1357,176
DA:1358,176
DA:1360,176
DA:1362,15
DA:1363,15
DA:1364,15
DA:1366,30
DA:1367,15
DA:1369,15
DA:1370,15
DA:1371,15
DA:1372,15
DA:1374,161
DA:1375,161
DA:1377,161
DA:1378,290
DA:1379,145
DA:1380,145
DA:1381,145
DA:1382,145
DA:1384,145
DA:1385,290
DA:1386,145
DA:1387,145
DA:1389,290
DA:1390,145
DA:1392,145
DA:1393,145
DA:1394,145
DA:1395,145
DA:1396,145
DA:1397,145
DA:1399,161
DA:1400,161
DA:1401,161
DA:1402,176
DA:1405,1530
DA:1407,1530
DA:1408,1530
DA:1409,1530
DA:1410,1530
DA:1411,3060
DA:1412,1530
DA:1414,1375
DA:1415,1375
DA:1416,0
DA:1417,1375
DA:1418,1375
DA:1419,1375
DA:1420,1375
DA:1422,684
DA:1423,684
DA:1424,684
DA:1425,1368
DA:1426,684
DA:1428,75
DA:1429,75
DA:1430,75
DA:1431,150
DA:1432,75
DA:1435,1641
DA:1436,1641
DA:1437,1
DA:1439,1640
DA:1441,0
DA:1443,0
DA:1445,0
DA:1447,1194
DA:1449,0
DA:1451,1
DA:1453,0
DA:1455,445
DA:1456,445
DA:1457,445
DA:1458,445
DA:1459,0
DA:1461,445
DA:1462,445
DA:1463,445
DA:1464,445
DA:1465,445
DA:1466,445
DA:1468,0
DA:1469,0
DA:1470,0
DA:1471,0
DA:1472,0
DA:1473,0
DA:1474,0
DA:1476,0
DA:1477,0
DA:1478,0
DA:1479,0
DA:1480,0
DA:1481,0
DA:1482,0
DA:1483,0
DA:1484,0
DA:1485,0
DA:1487,0
DA:1489,1641
DA:1491,15
DA:1492,15
DA:1493,0
DA:1495,15
DA:1497,0
DA:1499,0
DA:1501,0
DA:1503,15
DA:1505,15
DA:1507,0
DA:1508,0
DA:1513,0
DA:1515,0
DA:1517,0
DA:1519,0
DA:1520,0
DA:1521,0
DA:1523,0
DA:1525,0
DA:1527,0
DA:1529,0
DA:1531,0
DA:1533,0
DA:1535,0
DA:1538,0
DA:1540,0
DA:1544,0
DA:1546,0
DA:1548,0
DA:1550,0
DA:1551,0
DA:1552,0
DA:1553,0
DA:1554,0
DA:1555,0
DA:1556,0
DA:1557,0
DA:1558,0
DA:1560,0
DA:1561,0
DA:1562,0
DA:1564,0
DA:1565,0
DA:1567,0
DA:1569,0
DA:1570,0
DA:1573,0
DA:1575,0
DA:1580,0
DA:1581,0
DA:1582,0
DA:1583,0
DA:1585,0
DA:1586,0
DA:1588,25
DA:1589,25
DA:1592,50
DA:1593,25
DA:1594,25
DA:1595,0
DA:1598,25
DA:1599,25
DA:1600,25
DA:1603,25
DA:1604,4
DA:1605,2
DA:1606,2
DA:1607,46
DA:1608,23
DA:1612,25
DA:1613,25
DA:1614,25
DA:1617,25
DA:1618,25
DA:1619,5
DA:1620,5
DA:1621,25
DA:1624,25
DA:1626,25
DA:1627,25
DA:1628,25
DA:1629,25
DA:1630,25
DA:1632,7
DA:1633,7
DA:1634,7
DA:1635,7
DA:1636,7
DA:1638,5
DA:1639,5
DA:1640,5
DA:1641,4
DA:1642,4
DA:1643,5
DA:1644,5
DA:1645,5
DA:1646,5
DA:1647,5
DA:1648,3
DA:1649,3
DA:1650,5
DA:1653,66
DA:1654,66
DA:1655,0
DA:1656,0
DA:1660,66
DA:1663,66
DA:1664,66
DA:1665,66
DA:1667,132
DA:1668,66
DA:1669,66
DA:1670,0
DA:1672,0
DA:1673,0
DA:1676,66
DA:1677,28
DA:1678,28
DA:1680,66
DA:1681,66
DA:1683,56
DA:1684,56
DA:1686,10
DA:1688,66
DA:1690,66
DA:1691,66
DA:1692,66
DA:1693,66
DA:1695,66
DA:1696,132
DA:1697,66
DA:1699,132
DA:1700,66
DA:1703,66
DA:1704,66
DA:1705,66
DA:1707,0
DA:1709,0
DA:1710,0
DA:1711,0
DA:1713,0
DA:1716,0
DA:1717,0
DA:1718,0
DA:1720,2
DA:1721,2
DA:1722,0
DA:1723,0
DA:1726,2
DA:1727,2
DA:1728,2
DA:1730,2
DA:1731,0
DA:1733,0
DA:1737,2
DA:1738,2
DA:1739,0
DA:1740,0
DA:1744,2
DA:1747,2
DA:1748,1
DA:1749,0
DA:1750,0
DA:1751,0
DA:1754,1
DA:1755,1
DA:1758,2
DA:1759,0
DA:1760,0
DA:1761,0
DA:1768,2
DA:1769,4
DA:1770,2
DA:1772,2
DA:1774,2
DA:1777,1
DA:1778,1
DA:1780,1
DA:1782,1
DA:1783,2
DA:1784,1
DA:1785,1
DA:1787,1
DA:1788,2
DA:1791,1
DA:1792,1
DA:1794,1
DA:1796,1
DA:1797,2
DA:1798,1
DA:1799,1
DA:1800,1
DA:1803,2
DA:1804,2
DA:1805,2
DA:1806,2
LF:1202
LH:800
end_of_record
TN:
SF:/Users/scott/repo/sokoide/llvm6/src/error_handling.cpp
FNL:0,37,42
FNA:0,1,free_error
FNL:1,45,50
FNA:1,1,print_error
FNL:2,53,76
FNA:2,11,error_type_to_string
FNL:3,6,34
FNA:3,1,create_error
FNF:4
FNH:4
DA:6,1
DA:8,1
DA:9,1
DA:10,0
DA:11,0
DA:14,1
DA:15,1
DA:16,1
DA:17,1
DA:20,1
DA:21,1
DA:22,0
DA:23,0
DA:24,0
DA:27,1
DA:28,1
DA:29,1
DA:30,1
DA:32,1
DA:33,2
DA:34,1
DA:37,1
DA:38,1
DA:39,1
DA:40,1
DA:41,1
DA:42,1
DA:45,1
DA:46,1
DA:48,1
DA:49,1
DA:50,1
DA:53,11
DA:54,11
DA:56,1
DA:58,1
DA:60,1
DA:62,2
DA:64,1
DA:66,1
DA:68,1
DA:70,1
DA:72,1
DA:74,1
DA:76,11
LF:45
LH:40
end_of_record
TN:
SF:/Users/scott/repo/sokoide/llvm6/src/grammar.y
FNL:0,779
FNA:0,0,yyerror
FNF:1
FNH:0
DA:779,0
DA:780,0
DA:781,0
DA:782,0
LF:4
LH:0
end_of_record
TN:
SF:/Users/scott/repo/sokoide/llvm6/src/main.cpp
FNL:0,103,113
FNA:0,75,_Z17cleanup_resourcesv
FNL:1,116,233
FNA:1,75,main
FNL:2,236,240
FNA:2,0,_Z13compiler_infov
FNL:3,243,252
FNA:3,0,_Z11debug_printPKcz
FNL:4,255,264
FNA:4,0,_Z13verbose_printPKcz
FNL:5,36,49
FNA:5,1,_Z11print_usagePKc
FNL:6,52,100
FNA:6,76,_Z15parse_argumentsiPPc
FNF:7
FNH:4
DA:36,1
DA:37,1
DA:38,1
DA:39,1
DA:40,1
DA:41,1
DA:42,1
DA:43,1
DA:44,1
DA:45,1
DA:46,1
DA:47,1
DA:48,1
DA:49,1
DA:52,76
DA:63,76
DA:64,76
DA:66,153
DA:67,79
DA:69,73
DA:70,73
DA:72,1
DA:73,1
DA:75,1
DA:76,1
DA:78,1
DA:79,1
DA:81,1
DA:82,1
DA:84,1
DA:85,1
DA:88,1
DA:90,0
DA:95,74
DA:96,74
DA:97,74
DA:99,74
DA:100,75
DA:103,75
DA:104,75
DA:105,72
DA:106,72
DA:107,72
DA:109,75
DA:110,73
DA:111,73
DA:112,73
DA:113,75
DA:116,75
DA:117,75
DA:118,75
DA:119,75
DA:120,75
DA:123,75
DA:124,1
DA:125,1
DA:129,74
DA:130,74
DA:131,1
DA:132,1
DA:134,74
DA:135,74
DA:136,1
DA:137,1
DA:138,1
DA:140,73
DA:141,0
DA:142,0
DA:143,0
DA:144,0
DA:148,73
DA:149,73
DA:150,1
DA:151,1
DA:153,73
DA:154,73
DA:155,1
DA:156,1
DA:157,1
DA:159,72
DA:160,0
DA:161,0
DA:162,0
DA:163,0
DA:167,72
DA:168,72
DA:169,0
DA:170,0
DA:171,0
DA:174,72
DA:175,1
DA:176,1
DA:178,72
DA:179,72
DA:180,0
DA:181,0
DA:182,0
DA:185,72
DA:186,0
DA:187,0
DA:188,0
DA:191,72
DA:192,1
DA:193,1
DA:196,72
DA:197,1
DA:198,1
DA:199,1
DA:200,1
DA:203,72
DA:204,1
DA:205,1
DA:207,72
DA:209,73
DA:210,1
DA:211,1
DA:212,1
DA:215,75
DA:216,72
DA:217,1
DA:218,1
DA:219,72
DA:220,72
DA:221,72
DA:223,75
DA:224,1
DA:225,1
DA:226,75
DA:228,75
DA:229,72
DA:230,72
DA:232,150
DA:233,75
DA:236,0
DA:237,0
DA:238,0
DA:239,0
DA:240,0
DA:243,0
DA:244,0
DA:245,0
DA:246,0
DA:247,0
DA:248,0
DA:249,0
DA:250,0
DA:251,0
DA:252,0
DA:255,0
DA:256,0
DA:257,0
DA:258,0
DA:259,0
DA:260,0
DA:261,0
DA:262,0
DA:263,0
DA:264,0
LF:158
LH:115
end_of_record
TN:
SF:/Users/scott/repo/sokoide/llvm6/src/memory_management.cpp
FNL:0,10,29
FNA:0,6,create_memory_context
FNL:1,103,110
FNA:1,1,safe_calloc_debug
FNL:2,113,122
FNA:2,16,safe_strdup_debug
FNL:3,125,176
FNA:3,4,safe_free_debug
FNL:4,179,190
FNA:4,1,print_memory_stats
FNL:5,193,210
FNA:5,5,print_memory_leaks
FNL:6,213,216
FNA:6,1,check_memory_leaks
FNL:7,32,46
FNA:7,5,free_memory_context
FNL:8,49,51
FNA:8,1,enable_memory_debugging
FNL:9,54,56
FNA:9,1,disable_memory_debugging
FNL:10,59,100
FNA:10,19,safe_malloc_debug
FNF:11
FNH:11
DA:10,6
DA:11,6
DA:12,6
DA:13,0
DA:14,0
DA:18,6
DA:19,6
DA:20,6
DA:21,6
DA:22,6
DA:23,6
DA:25,6
DA:26,6
DA:28,12
DA:29,6
DA:32,5
DA:33,5
DA:36,5
DA:37,5
DA:38,0
DA:39,0
DA:40,0
DA:41,0
DA:42,0
DA:43,0
DA:45,5
DA:46,5
DA:49,1
DA:50,1
DA:51,1
DA:54,1
DA:55,1
DA:56,1
DA:59,19
DA:60,19
DA:61,2
DA:62,2
DA:64,19
DA:65,19
DA:66,0
DA:67,0
DA:68,0
DA:72,19
DA:73,19
DA:74,19
DA:76,19
DA:77,19
DA:78,19
DA:81,19
DA:82,1
DA:83,1
DA:84,1
DA:85,1
DA:86,1
DA:87,1
DA:88,1
DA:89,1
DA:90,1
DA:92,1
DA:93,0
DA:94,0
DA:95,1
DA:96,1
DA:97,1
DA:99,38
DA:100,19
DA:103,1
DA:104,1
DA:105,1
DA:106,1
DA:107,1
DA:108,1
DA:109,2
DA:110,1
DA:113,16
DA:114,16
DA:116,16
DA:117,16
DA:118,16
DA:119,16
DA:120,16
DA:121,16
DA:122,16
DA:125,4
DA:130,4
DA:131,0
DA:133,4
DA:134,0
DA:135,0
DA:136,0
DA:137,0
DA:140,4
DA:143,4
DA:144,1
DA:145,1
DA:146,1
DA:147,1
DA:149,1
DA:150,0
DA:151,0
DA:152,1
DA:154,1
DA:155,0
DA:156,0
DA:158,1
DA:159,1
DA:161,0
DA:163,1
DA:165,4
DA:166,1
DA:167,1
DA:168,1
DA:169,1
DA:170,0
DA:172,1
DA:174,4
DA:175,4
DA:176,4
DA:179,1
DA:180,1
DA:182,1
DA:183,1
DA:184,1
DA:185,1
DA:186,1
DA:187,1
DA:188,1
DA:189,1
DA:190,1
DA:193,5
DA:194,5
DA:196,5
DA:197,1
DA:198,1
DA:199,1
DA:201,5
DA:202,1
DA:203,1
DA:204,2
DA:205,1
DA:206,1
DA:207,1
DA:209,1
DA:210,5
DA:213,1
DA:214,1
DA:215,1
DA:216,1
LF:148
LH:124
end_of_record
TN:
SF:/Users/scott/repo/sokoide/llvm6/src/memory_management.h
FNL:0,72,76
FNA:0,2,_ZL22init_memory_managementv
FNF:1
FNH:1
DA:72,2
DA:73,2
DA:74,2
DA:75,2
DA:76,2
LF:5
LH:5
end_of_record
